Install MacOS

	https://o7planning.org/fr/12025/installation-de-la-machine-virtuelle-mac-os-x-sur-virtualbox

	Command to use :

		VBoxManage modifyvm "MacOS" --cpuidset 00000001 000106e5 00100800 0098e3fd bfebfbff
		VBoxManage setextradata "MacOS" "VBoxInternal/Devices/efi/0/Config/DmiSystemProduct" "iMac11,3"
		VBoxManage setextradata "MacOS" "VBoxInternal/Devices/efi/0/Config/DmiSystemVersion" "1.0"
		VBoxManage setextradata "MacOS" "VBoxInternal/Devices/efi/0/Config/DmiBoardProduct" "Iloveapple"
		VBoxManage setextradata "MacOS" "VBoxInternal/Devices/smc/0/Config/DeviceKey" "ourhardworkbythesewordsguardedpleasedontsteal(c)AppleComputerInc"
		VBoxManage setextradata "MacOS" "VBoxInternal/Devices/smc/0/Config/GetKeyFromRealSMC" 1
		VBoxManage setextradata "MacOS" VBoxInternal2/EfiGraphicsResolution 1920x1200 // To change following your resolution

Install PHP 7.3

	https://php-osx.liip.ch/

	Download : curl https://php-osx.liip.ch/install.sh
	Change :
		sw_vers -productVersion | egrep --color=never -o '10\.[0-9]+\.[0-9]+'
			by
		sw_vers -productVersion | egrep --color=never -o '10\.[0-9]+'

	Run sh install.sh 7.3

Change php.ini config

	pcre.jit=0

Update php for command line :

	create file .profile in your user folder
		cd
		nano .profile
		export PATH=/usr/local/php5/bin:$PATH

Update php for apache2

	Go to in /etc/apache2
	nano httpd.conf
	Change :
		LoadModule php7_module libexec/apache2/libphp7.so
			by
		LoadModule php5_module /usr/local/php5/libphp7.so

Configuration in httpd.conf

	ServerName localhost

	DocumentRoot "SourceCodeDirectory"

	<Directory "SourceCodeDirectory"

		AllowOverride All

	</Directory>

	dir_module
		DirectoryIndex index.html index.php

Install composer :

	All commands

	cd
	php -r "copy('https://getcomposer.org/installer', 'composer-setup.php');"
	php -r "if (hash_file('sha384', 'composer-setup.php') === 'c5b9b6d368201a9db6f74e2611495f369991b72d9c8cbd3ffbc63edff210eb73d46ffbfce88669ad33695ef77dc76976') { echo 'Installer verified'; } else { echo 'Installer corrupt'; unlink('composer-setup.php'); } echo PHP_EOL;"
	php composer-setup.php --install-dir=/usr/bin --filename=composer --version=1.8.5

Create virtual host

	/etc/apache2/extra

	<VirtualHost *:80>
	    ServerName adapeipro.com
	    ServerAlias www.adapeipro.com

	    DocumentRoot /var/www/symfony-project/public
	    <Directory /var/www/symfony-project/public>
	        AllowOverride All
	        Order Allow,Deny
	        Allow from All
	    </Directory>

	    # uncomment the following lines if you install assets as symlinks
	    # or run into problems when compiling LESS/Sass/CoffeeScript assets
	    # <Directory /var/www/project>
	    #     Options FollowSymlinks
	    # </Directory>

	    ErrorLog /var/www/symfony-project/var/log/error.log
	    CustomLog /var/www/symfony-project/var/log/custom.log combined
	</VirtualHost>